2020-12-27 08:08:54.171  INFO 22020 --- [main] com.pe.builddemo.BuilddemoApplication    : Starting BuilddemoApplication on WKWIN6828084 with PID 22020 (started by sagshank in C:\Users\sagshank\Projects data\DPMRAS\appdemo)
2020-12-27 08:08:54.237  INFO 22020 --- [main] com.pe.builddemo.BuilddemoApplication    : No active profile set, falling back to default profiles: default
2020-12-27 08:09:00.059  INFO 22020 --- [main] o.s.b.w.embedded.tomcat.TomcatWebServer  : Tomcat initialized with port(s): 8080 (http)
2020-12-27 08:09:00.101  INFO 22020 --- [main] o.apache.catalina.core.StandardService   : Starting service [Tomcat]
2020-12-27 08:09:00.101  INFO 22020 --- [main] org.apache.catalina.core.StandardEngine  : Starting Servlet engine: [Apache Tomcat/9.0.29]
2020-12-27 08:09:00.315  INFO 22020 --- [main] o.a.c.c.C.[Tomcat].[localhost].[/]       : Initializing Spring embedded WebApplicationContext
2020-12-27 08:09:00.315  INFO 22020 --- [main] o.s.web.context.ContextLoader            : Root WebApplicationContext: initialization completed in 5950 ms
2020-12-27 08:09:00.582  INFO 22020 --- [main] o.s.s.concurrent.ThreadPoolTaskExecutor  : Initializing ExecutorService 'applicationTaskExecutor'
2020-12-27 08:09:00.671  INFO 22020 --- [main] o.s.b.a.w.s.WelcomePageHandlerMapping    : Adding welcome page: class path resource [static/index.html]
2020-12-27 08:09:00.982  INFO 22020 --- [main] o.s.b.w.embedded.tomcat.TomcatWebServer  : Tomcat started on port(s): 8080 (http) with context path ''
2020-12-27 08:09:00.985  INFO 22020 --- [main] com.pe.builddemo.BuilddemoApplication    : Started BuilddemoApplication in 8.938 seconds (JVM running for 11.969)
2020-12-27 08:10:31.991  INFO 22020 --- [http-nio-8080-exec-1] o.a.c.c.C.[Tomcat].[localhost].[/]       : Initializing Spring DispatcherServlet 'dispatcherServlet'
2020-12-27 08:10:31.992  INFO 22020 --- [http-nio-8080-exec-1] o.s.web.servlet.DispatcherServlet        : Initializing Servlet 'dispatcherServlet'
2020-12-27 08:10:32.000  INFO 22020 --- [http-nio-8080-exec-1] o.s.web.servlet.DispatcherServlet        : Completed initialization in 7 ms
2020-12-27 08:17:39.830  INFO 8676 --- [main] com.pe.builddemo.BuilddemoApplication    : Starting BuilddemoApplication on WKWIN6828084 with PID 8676 (started by sagshank in C:\Users\sagshank\Projects data\DPMRAS\appdemo)
2020-12-27 08:17:39.852  INFO 8676 --- [main] com.pe.builddemo.BuilddemoApplication    : No active profile set, falling back to default profiles: default
2020-12-27 08:17:40.741  INFO 8676 --- [main] o.s.b.w.embedded.tomcat.TomcatWebServer  : Tomcat initialized with port(s): 8080 (http)
2020-12-27 08:17:40.757  INFO 8676 --- [main] o.apache.catalina.core.StandardService   : Starting service [Tomcat]
2020-12-27 08:17:40.757  INFO 8676 --- [main] org.apache.catalina.core.StandardEngine  : Starting Servlet engine: [Apache Tomcat/9.0.29]
2020-12-27 08:17:40.836  INFO 8676 --- [main] o.a.c.c.C.[Tomcat].[localhost].[/]       : Initializing Spring embedded WebApplicationContext
2020-12-27 08:17:40.837  INFO 8676 --- [main] o.s.web.context.ContextLoader            : Root WebApplicationContext: initialization completed in 895 ms
2020-12-27 08:17:40.964  INFO 8676 --- [main] o.s.s.concurrent.ThreadPoolTaskExecutor  : Initializing ExecutorService 'applicationTaskExecutor'
2020-12-27 08:17:41.007  INFO 8676 --- [main] o.s.b.a.w.s.WelcomePageHandlerMapping    : Adding welcome page: class path resource [static/index.html]
2020-12-27 08:17:41.093  INFO 8676 --- [main] o.s.b.w.embedded.tomcat.TomcatWebServer  : Tomcat started on port(s): 8080 (http) with context path ''
2020-12-27 08:17:41.096  INFO 8676 --- [main] com.pe.builddemo.BuilddemoApplication    : Started BuilddemoApplication in 1.927 seconds (JVM running for 2.919)
2020-12-27 08:18:12.059  INFO 8676 --- [http-nio-8080-exec-1] o.a.c.c.C.[Tomcat].[localhost].[/]       : Initializing Spring DispatcherServlet 'dispatcherServlet'
2020-12-27 08:18:12.059  INFO 8676 --- [http-nio-8080-exec-1] o.s.web.servlet.DispatcherServlet        : Initializing Servlet 'dispatcherServlet'
2020-12-27 08:18:12.066  INFO 8676 --- [http-nio-8080-exec-1] o.s.web.servlet.DispatcherServlet        : Completed initialization in 6 ms
2020-12-27 14:22:22.489  INFO 24364 --- [main] com.pe.builddemo.BuilddemoApplication    : Starting BuilddemoApplication on WKWIN6828084 with PID 24364 (started by sagshank in C:\Users\sagshank\Projects data\DPMRAS\appdemo)
2020-12-27 14:22:22.534  INFO 24364 --- [main] com.pe.builddemo.BuilddemoApplication    : No active profile set, falling back to default profiles: default
2020-12-27 14:22:25.176  INFO 24364 --- [main] o.s.b.w.embedded.tomcat.TomcatWebServer  : Tomcat initialized with port(s): 8080 (http)
2020-12-27 14:22:25.231  INFO 24364 --- [main] o.apache.catalina.core.StandardService   : Starting service [Tomcat]
2020-12-27 14:22:25.235  INFO 24364 --- [main] org.apache.catalina.core.StandardEngine  : Starting Servlet engine: [Apache Tomcat/9.0.29]
2020-12-27 14:22:25.376  INFO 24364 --- [main] o.a.c.c.C.[Tomcat].[localhost].[/]       : Initializing Spring embedded WebApplicationContext
2020-12-27 14:22:25.376  INFO 24364 --- [main] o.s.web.context.ContextLoader            : Root WebApplicationContext: initialization completed in 2636 ms
2020-12-27 14:22:25.655  INFO 24364 --- [main] o.s.s.concurrent.ThreadPoolTaskExecutor  : Initializing ExecutorService 'applicationTaskExecutor'
2020-12-27 14:22:25.788  INFO 24364 --- [main] o.s.b.a.w.s.WelcomePageHandlerMapping    : Adding welcome page: class path resource [static/index.html]
2020-12-27 14:22:26.033  INFO 24364 --- [main] o.s.b.w.embedded.tomcat.TomcatWebServer  : Tomcat started on port(s): 8080 (http) with context path ''
2020-12-27 14:22:26.041  INFO 24364 --- [main] com.pe.builddemo.BuilddemoApplication    : Started BuilddemoApplication in 5.124 seconds (JVM running for 7.151)
2020-12-27 14:23:13.580  INFO 24364 --- [http-nio-8080-exec-1] o.a.c.c.C.[Tomcat].[localhost].[/]       : Initializing Spring DispatcherServlet 'dispatcherServlet'
2020-12-27 14:23:13.581  INFO 24364 --- [http-nio-8080-exec-1] o.s.web.servlet.DispatcherServlet        : Initializing Servlet 'dispatcherServlet'
2020-12-27 14:23:13.593  INFO 24364 --- [http-nio-8080-exec-1] o.s.web.servlet.DispatcherServlet        : Completed initialization in 11 ms
2020-12-27 14:24:44.872  INFO 4724 --- [main] com.pe.builddemo.BuilddemoApplication    : Starting BuilddemoApplication on WKWIN6828084 with PID 4724 (started by sagshank in C:\Users\sagshank\Projects data\DPMRAS\appdemo)
2020-12-27 14:24:44.909  INFO 4724 --- [main] com.pe.builddemo.BuilddemoApplication    : No active profile set, falling back to default profiles: default
2020-12-27 14:24:46.853  INFO 4724 --- [main] o.s.b.w.embedded.tomcat.TomcatWebServer  : Tomcat initialized with port(s): 8080 (http)
2020-12-27 14:24:46.899  INFO 4724 --- [main] o.apache.catalina.core.StandardService   : Starting service [Tomcat]
2020-12-27 14:24:46.899  INFO 4724 --- [main] org.apache.catalina.core.StandardEngine  : Starting Servlet engine: [Apache Tomcat/9.0.29]
2020-12-27 14:24:47.092  INFO 4724 --- [main] o.a.c.c.C.[Tomcat].[localhost].[/]       : Initializing Spring embedded WebApplicationContext
2020-12-27 14:24:47.092  INFO 4724 --- [main] o.s.web.context.ContextLoader            : Root WebApplicationContext: initialization completed in 1972 ms
2020-12-27 14:24:47.461  INFO 4724 --- [main] o.s.s.concurrent.ThreadPoolTaskExecutor  : Initializing ExecutorService 'applicationTaskExecutor'
2020-12-27 14:24:47.579  INFO 4724 --- [main] o.s.b.a.w.s.WelcomePageHandlerMapping    : Adding welcome page: class path resource [static/index.html]
2020-12-27 14:24:47.799  INFO 4724 --- [main] o.s.b.w.embedded.tomcat.TomcatWebServer  : Tomcat started on port(s): 8080 (http) with context path ''
2020-12-27 14:24:47.805  INFO 4724 --- [main] com.pe.builddemo.BuilddemoApplication    : Started BuilddemoApplication in 4.16 seconds (JVM running for 5.644)
2020-12-27 14:25:05.588  INFO 4724 --- [http-nio-8080-exec-1] o.a.c.c.C.[Tomcat].[localhost].[/]       : Initializing Spring DispatcherServlet 'dispatcherServlet'
2020-12-27 14:25:05.589  INFO 4724 --- [http-nio-8080-exec-1] o.s.web.servlet.DispatcherServlet        : Initializing Servlet 'dispatcherServlet'
2020-12-27 14:25:05.606  INFO 4724 --- [http-nio-8080-exec-1] o.s.web.servlet.DispatcherServlet        : Completed initialization in 17 ms
2020-12-27 14:46:28.323  INFO 21148 --- [main] com.pe.builddemo.BuilddemoApplication    : Starting BuilddemoApplication on WKWIN6828084 with PID 21148 (started by sagshank in C:\Users\sagshank\Projects data\DPMRAS\appdemo)
2020-12-27 14:46:28.348  INFO 21148 --- [main] com.pe.builddemo.BuilddemoApplication    : No active profile set, falling back to default profiles: default
2020-12-27 14:46:30.556  INFO 21148 --- [main] o.s.b.w.embedded.tomcat.TomcatWebServer  : Tomcat initialized with port(s): 8080 (http)
2020-12-27 14:46:30.602  INFO 21148 --- [main] o.apache.catalina.core.StandardService   : Starting service [Tomcat]
2020-12-27 14:46:30.603  INFO 21148 --- [main] org.apache.catalina.core.StandardEngine  : Starting Servlet engine: [Apache Tomcat/9.0.29]
2020-12-27 14:46:30.838  INFO 21148 --- [main] o.a.c.c.C.[Tomcat].[localhost].[/]       : Initializing Spring embedded WebApplicationContext
2020-12-27 14:46:30.839  INFO 21148 --- [main] o.s.web.context.ContextLoader            : Root WebApplicationContext: initialization completed in 2276 ms
2020-12-27 14:46:31.169  INFO 21148 --- [main] o.s.s.concurrent.ThreadPoolTaskExecutor  : Initializing ExecutorService 'applicationTaskExecutor'
2020-12-27 14:46:31.291  INFO 21148 --- [main] o.s.b.a.w.s.WelcomePageHandlerMapping    : Adding welcome page: class path resource [static/index.html]
2020-12-27 14:46:31.500  INFO 21148 --- [main] o.s.b.w.embedded.tomcat.TomcatWebServer  : Tomcat started on port(s): 8080 (http) with context path ''
2020-12-27 14:46:31.503  INFO 21148 --- [main] com.pe.builddemo.BuilddemoApplication    : Started BuilddemoApplication in 4.584 seconds (JVM running for 6.204)
2020-12-27 14:46:37.841  INFO 21148 --- [http-nio-8080-exec-1] o.a.c.c.C.[Tomcat].[localhost].[/]       : Initializing Spring DispatcherServlet 'dispatcherServlet'
2020-12-27 14:46:37.842  INFO 21148 --- [http-nio-8080-exec-1] o.s.web.servlet.DispatcherServlet        : Initializing Servlet 'dispatcherServlet'
2020-12-27 14:46:37.855  INFO 21148 --- [http-nio-8080-exec-1] o.s.web.servlet.DispatcherServlet        : Completed initialization in 13 ms
2020-12-27 14:49:28.389  INFO 3428 --- [main] com.pe.builddemo.BuilddemoApplication    : Starting BuilddemoApplication on WKWIN6828084 with PID 3428 (started by sagshank in C:\Users\sagshank\Projects data\DPMRAS\appdemo)
2020-12-27 14:49:28.411  INFO 3428 --- [main] com.pe.builddemo.BuilddemoApplication    : No active profile set, falling back to default profiles: default
2020-12-27 14:49:30.110  INFO 3428 --- [main] o.s.b.w.embedded.tomcat.TomcatWebServer  : Tomcat initialized with port(s): 8080 (http)
2020-12-27 14:49:30.146  INFO 3428 --- [main] o.apache.catalina.core.StandardService   : Starting service [Tomcat]
2020-12-27 14:49:30.147  INFO 3428 --- [main] org.apache.catalina.core.StandardEngine  : Starting Servlet engine: [Apache Tomcat/9.0.29]
2020-12-27 14:49:30.304  INFO 3428 --- [main] o.a.c.c.C.[Tomcat].[localhost].[/]       : Initializing Spring embedded WebApplicationContext
2020-12-27 14:49:30.305  INFO 3428 --- [main] o.s.web.context.ContextLoader            : Root WebApplicationContext: initialization completed in 1749 ms
2020-12-27 14:49:30.586  INFO 3428 --- [main] o.s.s.concurrent.ThreadPoolTaskExecutor  : Initializing ExecutorService 'applicationTaskExecutor'
2020-12-27 14:49:30.657  INFO 3428 --- [main] o.s.b.a.w.s.WelcomePageHandlerMapping    : Adding welcome page: class path resource [static/index.html]
2020-12-27 14:49:30.866  INFO 3428 --- [main] o.s.b.w.embedded.tomcat.TomcatWebServer  : Tomcat started on port(s): 8080 (http) with context path ''
2020-12-27 14:49:30.872  INFO 3428 --- [main] com.pe.builddemo.BuilddemoApplication    : Started BuilddemoApplication in 3.617 seconds (JVM running for 5.059)
2020-12-27 14:49:50.216  INFO 3428 --- [http-nio-8080-exec-1] o.a.c.c.C.[Tomcat].[localhost].[/]       : Initializing Spring DispatcherServlet 'dispatcherServlet'
2020-12-27 14:49:50.218  INFO 3428 --- [http-nio-8080-exec-1] o.s.web.servlet.DispatcherServlet        : Initializing Servlet 'dispatcherServlet'
2020-12-27 14:49:50.230  INFO 3428 --- [http-nio-8080-exec-1] o.s.web.servlet.DispatcherServlet        : Completed initialization in 12 ms
2020-12-27 14:51:33.020  INFO 9028 --- [main] com.pe.builddemo.BuilddemoApplication    : Starting BuilddemoApplication on WKWIN6828084 with PID 9028 (started by sagshank in C:\Users\sagshank\Projects data\DPMRAS\appdemo)
2020-12-27 14:51:33.039  INFO 9028 --- [main] com.pe.builddemo.BuilddemoApplication    : No active profile set, falling back to default profiles: default
2020-12-27 14:51:34.991  INFO 9028 --- [main] o.s.b.w.embedded.tomcat.TomcatWebServer  : Tomcat initialized with port(s): 8080 (http)
2020-12-27 14:51:35.041  INFO 9028 --- [main] o.apache.catalina.core.StandardService   : Starting service [Tomcat]
2020-12-27 14:51:35.043  INFO 9028 --- [main] org.apache.catalina.core.StandardEngine  : Starting Servlet engine: [Apache Tomcat/9.0.29]
2020-12-27 14:51:35.352  INFO 9028 --- [main] o.a.c.c.C.[Tomcat].[localhost].[/]       : Initializing Spring embedded WebApplicationContext
2020-12-27 14:51:35.352  INFO 9028 --- [main] o.s.web.context.ContextLoader            : Root WebApplicationContext: initialization completed in 2173 ms
2020-12-27 14:51:35.615  INFO 9028 --- [main] o.s.s.concurrent.ThreadPoolTaskExecutor  : Initializing ExecutorService 'applicationTaskExecutor'
2020-12-27 14:51:35.734  INFO 9028 --- [main] o.s.b.a.w.s.WelcomePageHandlerMapping    : Adding welcome page: class path resource [static/index.html]
2020-12-27 14:51:35.907  INFO 9028 --- [main] o.s.b.w.embedded.tomcat.TomcatWebServer  : Tomcat started on port(s): 8080 (http) with context path ''
2020-12-27 14:51:35.914  INFO 9028 --- [main] com.pe.builddemo.BuilddemoApplication    : Started BuilddemoApplication in 4.003 seconds (JVM running for 5.705)
2020-12-27 14:51:53.830  INFO 9028 --- [http-nio-8080-exec-1] o.a.c.c.C.[Tomcat].[localhost].[/]       : Initializing Spring DispatcherServlet 'dispatcherServlet'
2020-12-27 14:51:53.831  INFO 9028 --- [http-nio-8080-exec-1] o.s.web.servlet.DispatcherServlet        : Initializing Servlet 'dispatcherServlet'
2020-12-27 14:51:53.846  INFO 9028 --- [http-nio-8080-exec-1] o.s.web.servlet.DispatcherServlet        : Completed initialization in 14 ms
